#
# There is insufficient memory for the Java Runtime Environment to continue.
# Native memory allocation (mmap) failed to map 174063616 bytes for committing reserved memory.
# Possible reasons:
#   The system is out of physical RAM or swap space
#   In 32 bit mode, the process size limit was hit
# Possible solutions:
#   Reduce memory load on the system
#   Increase physical memory or swap space
#   Check if swap backing store is full
#   Use 64 bit Java on a 64 bit OS
#   Decrease Java heap size (-Xmx/-Xms)
#   Decrease number of Java threads
#   Decrease Java thread stack sizes (-Xss)
#   Set larger code cache with -XX:ReservedCodeCacheSize=
# This output file may be truncated or incomplete.
#
#  Out of Memory Error (os_linux.cpp:2627), pid=6751, tid=139764399298304
#
# JRE version: OpenJDK Runtime Environment (8.0_74-b02) (build 1.8.0_74-b02)
# Java VM: OpenJDK 64-Bit Server VM (25.74-b02 mixed mode linux-amd64 compressed oops)
# Core dump written. Default location: /home/aoi/code/ITCS4180-MobileAppDev/Homework5/app/core or core.6751
#

---------------  T H R E A D  ---------------

Current thread (0x00007f1d84076000):  VMThread [stack: 0x00007f1d6f4f5000,0x00007f1d6f5f6000] [id=6770]

Stack: [0x00007f1d6f4f5000,0x00007f1d6f5f6000],  sp=0x00007f1d6f5f44c0,  free space=1021k
Native frames: (J=compiled Java code, j=interpreted, Vv=VM code, C=native code)
V  [libjvm.so+0xa5703b]
V  [libjvm.so+0x4c235c]
V  [libjvm.so+0x8a8a30]
V  [libjvm.so+0x8a2f5e]
V  [libjvm.so+0x91c67b]
V  [libjvm.so+0x91d9c3]
V  [libjvm.so+0x91a08b]
V  [libjvm.so+0x91a33c]
V  [libjvm.so+0x8ccf73]
V  [libjvm.so+0xa58c82]
V  [libjvm.so+0xa5dc57]
V  [libjvm.so+0xa5b49c]
V  [libjvm.so+0xa5c87f]
V  [libjvm.so+0xa5cd71]
V  [libjvm.so+0x8a5f42]

VM_Operation (0x00007f1d6eb0afb0): ParallelGCFailedAllocation, mode: safepoint, requested by thread 0x00007f1d84139000


---------------  P R O C E S S  ---------------

Java Threads: ( => current thread )
  0x00007f1d84140000 JavaThread "pool-1-thread-4" [_thread_blocked, id=6818, stack(0x00007f1d6e608000,0x00007f1d6e709000)]
  0x00007f1d8413e000 JavaThread "pool-1-thread-3" [_thread_blocked, id=6817, stack(0x00007f1d6e709000,0x00007f1d6e80a000)]
  0x00007f1d8413d000 JavaThread "pool-1-thread-2" [_thread_blocked, id=6816, stack(0x00007f1d6e80a000,0x00007f1d6e90b000)]
  0x00007f1d8413b000 JavaThread "pool-2-thread-1" [_thread_blocked, id=6813, stack(0x00007f1d6e90b000,0x00007f1d6ea0c000)]
  0x00007f1d84139000 JavaThread "pool-1-thread-1" [_thread_blocked, id=6812, stack(0x00007f1d6ea0c000,0x00007f1d6eb0d000)]
  0x00007f1d840be800 JavaThread "Service Thread" daemon [_thread_blocked, id=6792, stack(0x00007f1d6ec0e000,0x00007f1d6ed0f000)]
  0x00007f1d840bb800 JavaThread "C1 CompilerThread2" daemon [_thread_blocked, id=6789, stack(0x00007f1d6ed0f000,0x00007f1d6ee10000)]
  0x00007f1d840ba000 JavaThread "C2 CompilerThread1" daemon [_thread_blocked, id=6785, stack(0x00007f1d6ee10000,0x00007f1d6ef11000)]
  0x00007f1d840b7000 JavaThread "C2 CompilerThread0" daemon [_thread_blocked, id=6784, stack(0x00007f1d6ef11000,0x00007f1d6f012000)]
  0x00007f1d840b5800 JavaThread "Signal Dispatcher" daemon [_thread_blocked, id=6783, stack(0x00007f1d6f012000,0x00007f1d6f113000)]
  0x00007f1d84082800 JavaThread "Finalizer" daemon [_thread_blocked, id=6773, stack(0x00007f1d6f2f3000,0x00007f1d6f3f4000)]
  0x00007f1d8407d800 JavaThread "Reference Handler" daemon [_thread_blocked, id=6771, stack(0x00007f1d6f3f4000,0x00007f1d6f4f5000)]
  0x00007f1d84008800 JavaThread "main" [_thread_blocked, id=6753, stack(0x00007f1d8d6ee000,0x00007f1d8d7ef000)]

Other Threads:
=>0x00007f1d84076000 VMThread [stack: 0x00007f1d6f4f5000,0x00007f1d6f5f6000] [id=6770]
  0x00007f1d840c1000 WatcherThread [stack: 0x00007f1d6eb0d000,0x00007f1d6ec0e000] [id=6794]

VM state:at safepoint (normal execution)

VM Mutex/Monitor currently owned by a thread:  ([mutex/lock_event])
[0x00007f1d84006540] Threads_lock - owner thread: 0x00007f1d84076000
[0x00007f1d84006a40] Heap_lock - owner thread: 0x00007f1d84139000

Heap:
 PSYoungGen      total 132096K, used 5111K [0x00000000eab00000, 0x00000000f3100000, 0x0000000100000000)
  eden space 126976K, 0% used [0x00000000eab00000,0x00000000eab00000,0x00000000f2700000)
  from space 5120K, 99% used [0x00000000f2700000,0x00000000f2bfdc48,0x00000000f2c00000)
  to   space 5120K, 0% used [0x00000000f2c00000,0x00000000f2c00000,0x00000000f3100000)
 ParOldGen       total 84992K, used 41018K [0x00000000c0000000, 0x00000000c5300000, 0x00000000eab00000)
  object space 84992K, 48% used [0x00000000c0000000,0x00000000c280e918,0x00000000c5300000)
 Metaspace       used 6269K, capacity 7152K, committed 7296K, reserved 1056768K
  class space    used 592K, capacity 616K, committed 640K, reserved 1048576K

Card table byte_map: [0x00007f1d8a7bd000,0x00007f1d8a9be000] byte_map_base: 0x00007f1d8a1bd000

Marking Bits: (ParMarkBitMap*) 0x00007f1d8ca02400
 Begin Bits: [0x00007f1d88263000, 0x00007f1d89263000)
 End Bits:   [0x00007f1d89263000, 0x00007f1d8a263000)

Polling page: 0x00007f1d8d823000

CodeCache: size=245760Kb used=6802Kb max_used=6802Kb free=238957Kb
 bounds [0x00007f1d75000000, 0x00007f1d756b0000, 0x00007f1d84000000]
 total_blobs=2079 nmethods=1811 adapters=182
 compilation: enabled

Compilation events (10 events):
Event: 7.966 Thread 0x00007f1d840bb800 2116       2       com.android.dx.rop.cst.CstLong::getType (4 bytes)
Event: 7.966 Thread 0x00007f1d840bb800 nmethod 2116 0x00007f1d756a8310 code [0x00007f1d756a8460, 0x00007f1d756a85b0]
Event: 7.966 Thread 0x00007f1d840bb800 2117       2       java.util.Collections$UnmodifiableList::get (11 bytes)
Event: 7.966 Thread 0x00007f1d840bb800 nmethod 2117 0x00007f1d756a8650 code [0x00007f1d756a87c0, 0x00007f1d756a8948]
Event: 7.966 Thread 0x00007f1d840bb800 2121       2       java.lang.Integer::bitCount (49 bytes)
Event: 7.967 Thread 0x00007f1d840bb800 nmethod 2121 0x00007f1d756a89d0 code [0x00007f1d756a8b20, 0x00007f1d756a8c90]
Event: 7.967 Thread 0x00007f1d840bb800 2122       2       com.android.dx.ssa.SsaBasicBlock::getLiveOutRegs (26 bytes)
Event: 7.975 Thread 0x00007f1d840bb800 nmethod 2122 0x00007f1d756a8d10 code [0x00007f1d756a8e80, 0x00007f1d756a9188]
Event: 7.975 Thread 0x00007f1d840bb800 2120       2       java.util.concurrent.locks.AbstractQueuedSynchronizer::compareAndSetWaitStatus (13 bytes)
Event: 7.975 Thread 0x00007f1d840bb800 nmethod 2120 0x00007f1d756a9350 code [0x00007f1d756a94a0, 0x00007f1d756a95f0]

GC Heap History (9 events):
Event: 1.935 GC heap before
{Heap before GC invocations=1 (full 0):
 PSYoungGen      total 36864K, used 31744K [0x00000000eab00000, 0x00000000ed400000, 0x0000000100000000)
  eden space 31744K, 100% used [0x00000000eab00000,0x00000000eca00000,0x00000000eca00000)
  from space 5120K, 0% used [0x00000000ecf00000,0x00000000ecf00000,0x00000000ed400000)
  to   space 5120K, 0% used [0x00000000eca00000,0x00000000eca00000,0x00000000ecf00000)
 ParOldGen       total 84992K, used 0K [0x00000000c0000000, 0x00000000c5300000, 0x00000000eab00000)
  object space 84992K, 0% used [0x00000000c0000000,0x00000000c0000000,0x00000000c5300000)
 Metaspace       used 5661K, capacity 6704K, committed 6784K, reserved 1056768K
  class space    used 571K, capacity 616K, committed 640K, reserved 1048576K
Event: 1.999 GC heap after
Heap after GC invocations=1 (full 0):
 PSYoungGen      total 36864K, used 4903K [0x00000000eab00000, 0x00000000ef300000, 0x0000000100000000)
  eden space 31744K, 0% used [0x00000000eab00000,0x00000000eab00000,0x00000000eca00000)
  from space 5120K, 95% used [0x00000000eca00000,0x00000000ecec9da0,0x00000000ecf00000)
  to   space 5120K, 0% used [0x00000000eee00000,0x00000000eee00000,0x00000000ef300000)
 ParOldGen       total 84992K, used 8K [0x00000000c0000000, 0x00000000c5300000, 0x00000000eab00000)
  object space 84992K, 0% used [0x00000000c0000000,0x00000000c0002000,0x00000000c5300000)
 Metaspace       used 5661K, capacity 6704K, committed 6784K, reserved 1056768K
  class space    used 571K, capacity 616K, committed 640K, reserved 1048576K
}
Event: 3.499 GC heap before
{Heap before GC invocations=2 (full 0):
 PSYoungGen      total 36864K, used 36647K [0x00000000eab00000, 0x00000000ef300000, 0x0000000100000000)
  eden space 31744K, 100% used [0x00000000eab00000,0x00000000eca00000,0x00000000eca00000)
  from space 5120K, 95% used [0x00000000eca00000,0x00000000ecec9da0,0x00000000ecf00000)
  to   space 5120K, 0% used [0x00000000eee00000,0x00000000eee00000,0x00000000ef300000)
 ParOldGen       total 84992K, used 8K [0x00000000c0000000, 0x00000000c5300000, 0x00000000eab00000)
  object space 84992K, 0% used [0x00000000c0000000,0x00000000c0002000,0x00000000c5300000)
 Metaspace       used 5784K, capacity 6832K, committed 7040K, reserved 1056768K
  class space    used 573K, capacity 616K, committed 640K, reserved 1048576K
Event: 3.535 GC heap after
Heap after GC invocations=2 (full 0):
 PSYoungGen      total 68608K, used 5090K [0x00000000eab00000, 0x00000000ef300000, 0x0000000100000000)
  eden space 63488K, 0% used [0x00000000eab00000,0x00000000eab00000,0x00000000ee900000)
  from space 5120K, 99% used [0x00000000eee00000,0x00000000ef2f8bc8,0x00000000ef300000)
  to   space 5120K, 0% used [0x00000000ee900000,0x00000000ee900000,0x00000000eee00000)
 ParOldGen       total 84992K, used 3076K [0x00000000c0000000, 0x00000000c5300000, 0x00000000eab00000)
  object space 84992K, 3% used [0x00000000c0000000,0x00000000c03012c0,0x00000000c5300000)
 Metaspace       used 5784K, capacity 6832K, committed 7040K, reserved 1056768K
  class space    used 573K, capacity 616K, committed 640K, reserved 1048576K
}
Event: 4.941 GC heap before
{Heap before GC invocations=3 (full 0):
 PSYoungGen      total 68608K, used 68578K [0x00000000eab00000, 0x00000000ef300000, 0x0000000100000000)
  eden space 63488K, 100% used [0x00000000eab00000,0x00000000ee900000,0x00000000ee900000)
  from space 5120K, 99% used [0x00000000eee00000,0x00000000ef2f8bc8,0x00000000ef300000)
  to   space 5120K, 0% used [0x00000000ee900000,0x00000000ee900000,0x00000000eee00000)
 ParOldGen       total 84992K, used 3076K [0x00000000c0000000, 0x00000000c5300000, 0x00000000eab00000)
  object space 84992K, 3% used [0x00000000c0000000,0x00000000c03012c0,0x00000000c5300000)
 Metaspace       used 5867K, capacity 6896K, committed 7040K, reserved 1056768K
  class space    used 574K, capacity 616K, committed 640K, reserved 1048576K
Event: 5.030 GC heap after
Heap after GC invocations=3 (full 0):
 PSYoungGen      total 68608K, used 5101K [0x00000000eab00000, 0x00000000f3100000, 0x0000000100000000)
  eden space 63488K, 0% used [0x00000000eab00000,0x00000000eab00000,0x00000000ee900000)
  from space 5120K, 99% used [0x00000000ee900000,0x00000000eedfb488,0x00000000eee00000)
  to   space 5120K, 0% used [0x00000000f2c00000,0x00000000f2c00000,0x00000000f3100000)
 ParOldGen       total 84992K, used 11952K [0x00000000c0000000, 0x00000000c5300000, 0x00000000eab00000)
  object space 84992K, 14% used [0x00000000c0000000,0x00000000c0bac198,0x00000000c5300000)
 Metaspace       used 5867K, capacity 6896K, committed 7040K, reserved 1056768K
  class space    used 574K, capacity 616K, committed 640K, reserved 1048576K
}
Event: 5.922 GC heap before
{Heap before GC invocations=4 (full 0):
 PSYoungGen      total 68608K, used 68589K [0x00000000eab00000, 0x00000000f3100000, 0x0000000100000000)
  eden space 63488K, 100% used [0x00000000eab00000,0x00000000ee900000,0x00000000ee900000)
  from space 5120K, 99% used [0x00000000ee900000,0x00000000eedfb488,0x00000000eee00000)
  to   space 5120K, 0% used [0x00000000f2c00000,0x00000000f2c00000,0x00000000f3100000)
 ParOldGen       total 84992K, used 11952K [0x00000000c0000000, 0x00000000c5300000, 0x00000000eab00000)
  object space 84992K, 14% used [0x00000000c0000000,0x00000000c0bac198,0x00000000c5300000)
 Metaspace       used 5946K, capacity 6960K, committed 7040K, reserved 1056768K
  class space    used 574K, capacity 616K, committed 640K, reserved 1048576K
Event: 6.035 GC heap after
Heap after GC invocations=4 (full 0):
 PSYoungGen      total 132096K, used 5090K [0x00000000eab00000, 0x00000000f3100000, 0x0000000100000000)
  eden space 126976K, 0% used [0x00000000eab00000,0x00000000eab00000,0x00000000f2700000)
  from space 5120K, 99% used [0x00000000f2c00000,0x00000000f30f8868,0x00000000f3100000)
  to   space 5120K, 0% used [0x00000000f2700000,0x00000000f2700000,0x00000000f2c00000)
 ParOldGen       total 84992K, used 21516K [0x00000000c0000000, 0x00000000c5300000, 0x00000000eab00000)
  object space 84992K, 25% used [0x00000000c0000000,0x00000000c1503070,0x00000000c5300000)
 Metaspace       used 5946K, capacity 6960K, committed 7040K, reserved 1056768K
  class space    used 574K, capacity 616K, committed 640K, reserved 1048576K
}
Event: 7.977 GC heap before
{Heap before GC invocations=5 (full 0):
 PSYoungGen      total 132096K, used 132066K [0x00000000eab00000, 0x00000000f3100000, 0x0000000100000000)
  eden space 126976K, 100% used [0x00000000eab00000,0x00000000f2700000,0x00000000f2700000)
  from space 5120K, 99% used [0x00000000f2c00000,0x00000000f30f8868,0x00000000f3100000)
  to   space 5120K, 0% used [0x00000000f2700000,0x00000000f2700000,0x00000000f2c00000)
 ParOldGen       total 84992K, used 21516K [0x00000000c0000000, 0x00000000c5300000, 0x00000000eab00000)
  object space 84992K, 25% used [0x00000000c0000000,0x00000000c1503070,0x00000000c5300000)
 Metaspace       used 6269K, capacity 7152K, committed 7296K, reserved 1056768K
  class space    used 592K, capacity 616K, committed 640K, reserved 1048576K

Deoptimization events (10 events):
Event: 3.655 Thread 0x00007f1d84008800 Uncommon trap: reason=bimorphic action=maybe_recompile pc=0x00007f1d752398b4 method=java.util.HashMap.getNode(ILjava/lang/Object;)Ljava/util/HashMap$Node; @ 126
Event: 3.680 Thread 0x00007f1d8413e000 Uncommon trap: reason=null_check action=make_not_entrant pc=0x00007f1d752e4938 method=com.android.dx.ssa.SsaRenamer.getLocalForNewReg(I)Lcom/android/dx/rop/code/LocalItem; @ 19
Event: 3.988 Thread 0x00007f1d8413e000 Uncommon trap: reason=unstable_if action=reinterpret pc=0x00007f1d7537c3fc method=com.android.dx.ssa.SsaMethod.updateOneDefinition(Lcom/android/dx/ssa/SsaInsn;Lcom/android/dx/rop/code/RegisterSpec;)V @ 4
Event: 5.869 Thread 0x00007f1d8413d000 Uncommon trap: reason=bimorphic action=maybe_recompile pc=0x00007f1d7545f87c method=java.util.HashMap.putVal(ILjava/lang/Object;Ljava/lang/Object;ZZ)Ljava/lang/Object; @ 203
Event: 5.888 Thread 0x00007f1d8413d000 Uncommon trap: reason=unstable_if action=reinterpret pc=0x00007f1d7551c460 method=com.android.dx.ssa.SCCP.simulateStmt(Lcom/android/dx/ssa/SsaInsn;)V @ 53
Event: 6.568 Thread 0x00007f1d8413e000 Uncommon trap: reason=unstable_if action=reinterpret pc=0x00007f1d7558cc94 method=com.android.dx.rop.code.LocalItem.compareHandlesNulls(Lcom/android/dx/rop/cst/CstString;Lcom/android/dx/rop/cst/CstString;)I @ 14
Event: 7.515 Thread 0x00007f1d8413e000 Uncommon trap: reason=unstable_if action=reinterpret pc=0x00007f1d752eec8c method=java.util.HashMap.putVal(ILjava/lang/Object;Ljava/lang/Object;ZZ)Ljava/lang/Object; @ 162
Event: 7.541 Thread 0x00007f1d84008800 Uncommon trap: reason=unstable_if action=reinterpret pc=0x00007f1d753c18ec method=java.util.HashMap.getNode(ILjava/lang/Object;)Ljava/util/HashMap$Node; @ 84
Event: 7.737 Thread 0x00007f1d84139000 Uncommon trap: reason=unstable_if action=reinterpret pc=0x00007f1d754dcf00 method=com.android.dx.ssa.MoveParamCombiner$1.visitNonMoveInsn(Lcom/android/dx/ssa/NormalSsaInsn;)V @ 27
Event: 7.950 Thread 0x00007f1d84140000 Uncommon trap: reason=bimorphic action=maybe_recompile pc=0x00007f1d75573b68 method=com.android.dx.ssa.LiteralOpUpgrader.tryReplacingWithConstant(Lcom/android/dx/ssa/NormalSsaInsn;)Z @ 62

Internal exceptions (7 events):
Event: 0.048 Thread 0x00007f1d84008800 Exception <a 'java/lang/NoSuchMethodError': Method sun.misc.Unsafe.defineClass(Ljava/lang/String;[BII)Ljava/lang/Class; name or signature does not match> (0x00000000eab07cc0) thrown at [/build/java8-openjdk/src/jdk8u-jdk8u74-b02/hotspot/src/share/vm/prims
Event: 0.048 Thread 0x00007f1d84008800 Exception <a 'java/lang/NoSuchMethodError': Method sun.misc.Unsafe.prefetchRead(Ljava/lang/Object;J)V name or signature does not match> (0x00000000eab07fa8) thrown at [/build/java8-openjdk/src/jdk8u-jdk8u74-b02/hotspot/src/share/vm/prims/jni.cpp, line 398
Event: 3.680 Thread 0x00007f1d8413e000 Implicit null exception at 0x00007f1d752e1a2c to 0x00007f1d752e48f5
Event: 6.568 Thread 0x00007f1d8413e000 Implicit null exception at 0x00007f1d7558b141 to 0x00007f1d7558cc69
Event: 7.531 Thread 0x00007f1d8413e000 Exception <a 'java/lang/ArrayIndexOutOfBoundsException': 18> (0x00000000f0cdd928) thrown at [/build/java8-openjdk/src/jdk8u-jdk8u74-b02/hotspot/src/share/vm/interpreter/interpreterRuntime.cpp, line 366]
Event: 7.531 Thread 0x00007f1d8413e000 Exception <a 'java/lang/ArrayIndexOutOfBoundsException': 145> (0x00000000f0cdf4a8) thrown at [/build/java8-openjdk/src/jdk8u-jdk8u74-b02/hotspot/src/share/vm/interpreter/interpreterRuntime.cpp, line 366]
Event: 7.532 Thread 0x00007f1d8413e000 Exception <a 'java/lang/ArrayIndexOutOfBoundsException': 40> (0x00000000f0ce0790) thrown at [/build/java8-openjdk/src/jdk8u-jdk8u74-b02/hotspot/src/share/vm/interpreter/interpreterRuntime.cpp, line 366]

Events (10 events):
Event: 7.590 Thread 0x00007f1d84139000 DEOPT UNPACKING pc=0x00007f1d75047373 sp=0x00007f1d6eb0aee0 mode 0
Event: 7.737 Thread 0x00007f1d84139000 Uncommon trap: trap_request=0xffffff65 fr.pc=0x00007f1d754dcf00
Event: 7.737 Thread 0x00007f1d84139000 DEOPT PACKING pc=0x00007f1d754dcf00 sp=0x00007f1d6eb0af50
Event: 7.737 Thread 0x00007f1d84139000 DEOPT UNPACKING pc=0x00007f1d75004f69 sp=0x00007f1d6eb0aec8 mode 2
Event: 7.852 Thread 0x00007f1d84008800 DEOPT PACKING pc=0x00007f1d7539ae2c sp=0x00007f1d8d7ec9e0
Event: 7.852 Thread 0x00007f1d84008800 DEOPT UNPACKING pc=0x00007f1d75047373 sp=0x00007f1d8d7ec6e0 mode 0
Event: 7.950 Thread 0x00007f1d84140000 Uncommon trap: trap_request=0xffffffc6 fr.pc=0x00007f1d75573b68
Event: 7.950 Thread 0x00007f1d84140000 DEOPT PACKING pc=0x00007f1d75573b68 sp=0x00007f1d6e706fa0
Event: 7.950 Thread 0x00007f1d84140000 DEOPT UNPACKING pc=0x00007f1d75004f69 sp=0x00007f1d6e706ea8 mode 2
Event: 7.977 Executing VM operation: ParallelGCFailedAllocation


Dynamic libraries:
00400000-00401000 r-xp 00000000 08:01 133072                             /usr/lib/jvm/java-8-openjdk/jre/bin/java
00600000-00601000 rw-p 00000000 08:01 133072                             /usr/lib/jvm/java-8-openjdk/jre/bin/java
00d42000-00d63000 rw-p 00000000 00:00 0                                  [heap]
c0000000-c5300000 rw-p 00000000 00:00 0 
c5300000-eab00000 ---p 00000000 00:00 0 
eab00000-f3100000 rw-p 00000000 00:00 0 
fd700000-100000000 ---p 00000000 00:00 0 
100000000-1000a0000 rw-p 00000000 00:00 0 
1000a0000-140000000 ---p 00000000 00:00 0 
7f1d20000000-7f1d20026000 rw-p 00000000 00:00 0 
7f1d20026000-7f1d24000000 ---p 00000000 00:00 0 
7f1d28000000-7f1d28022000 rw-p 00000000 00:00 0 
7f1d28022000-7f1d2c000000 ---p 00000000 00:00 0 
7f1d2c000000-7f1d2c021000 rw-p 00000000 00:00 0 
7f1d2c021000-7f1d30000000 ---p 00000000 00:00 0 
7f1d30000000-7f1d30036000 rw-p 00000000 00:00 0 
7f1d30036000-7f1d34000000 ---p 00000000 00:00 0 
7f1d34000000-7f1d34021000 rw-p 00000000 00:00 0 
7f1d34021000-7f1d38000000 ---p 00000000 00:00 0 
7f1d38000000-7f1d38021000 rw-p 00000000 00:00 0 
7f1d38021000-7f1d3c000000 ---p 00000000 00:00 0 
7f1d3c000000-7f1d3c021000 rw-p 00000000 00:00 0 
7f1d3c021000-7f1d40000000 ---p 00000000 00:00 0 
7f1d40000000-7f1d4074a000 rw-p 00000000 00:00 0 
7f1d4074a000-7f1d44000000 ---p 00000000 00:00 0 
7f1d44000000-7f1d4479f000 rw-p 00000000 00:00 0 
7f1d4479f000-7f1d48000000 ---p 00000000 00:00 0 
7f1d48000000-7f1d48021000 rw-p 00000000 00:00 0 
7f1d48021000-7f1d4c000000 ---p 00000000 00:00 0 
7f1d4c000000-7f1d4c87e000 rw-p 00000000 00:00 0 
7f1d4c87e000-7f1d50000000 ---p 00000000 00:00 0 
7f1d50000000-7f1d50021000 rw-p 00000000 00:00 0 
7f1d50021000-7f1d54000000 ---p 00000000 00:00 0 
7f1d54000000-7f1d54021000 rw-p 00000000 00:00 0 
7f1d54021000-7f1d58000000 ---p 00000000 00:00 0 
7f1d58000000-7f1d58021000 rw-p 00000000 00:00 0 
7f1d58021000-7f1d5c000000 ---p 00000000 00:00 0 
7f1d5c000000-7f1d5c021000 rw-p 00000000 00:00 0 
7f1d5c021000-7f1d60000000 ---p 00000000 00:00 0 
7f1d60000000-7f1d60021000 rw-p 00000000 00:00 0 
7f1d60021000-7f1d64000000 ---p 00000000 00:00 0 
7f1d68000000-7f1d68021000 rw-p 00000000 00:00 0 
7f1d68021000-7f1d6c000000 ---p 00000000 00:00 0 
7f1d6e608000-7f1d6e60b000 ---p 00000000 00:00 0 
7f1d6e60b000-7f1d6e709000 rw-p 00000000 00:00 0                          [stack:6818]
7f1d6e709000-7f1d6e70c000 ---p 00000000 00:00 0 
7f1d6e70c000-7f1d6e80a000 rw-p 00000000 00:00 0                          [stack:6817]
7f1d6e80a000-7f1d6e80d000 ---p 00000000 00:00 0 
7f1d6e80d000-7f1d6e90b000 rw-p 00000000 00:00 0                          [stack:6816]
7f1d6e90b000-7f1d6e90e000 ---p 00000000 00:00 0 
7f1d6e90e000-7f1d6ea0c000 rw-p 00000000 00:00 0                          [stack:6813]
7f1d6ea0c000-7f1d6ea0f000 ---p 00000000 00:00 0 
7f1d6ea0f000-7f1d6eb0d000 rw-p 00000000 00:00 0                          [stack:6812]
7f1d6eb0d000-7f1d6eb0e000 ---p 00000000 00:00 0 
7f1d6eb0e000-7f1d6ec0e000 rw-p 00000000 00:00 0                          [stack:6794]
7f1d6ec0e000-7f1d6ec11000 ---p 00000000 00:00 0 
7f1d6ec11000-7f1d6ed0f000 rw-p 00000000 00:00 0                          [stack:6792]
7f1d6ed0f000-7f1d6ed12000 ---p 00000000 00:00 0 
7f1d6ed12000-7f1d6ee10000 rw-p 00000000 00:00 0                          [stack:6789]
7f1d6ee10000-7f1d6ee13000 ---p 00000000 00:00 0 
7f1d6ee13000-7f1d6ef11000 rw-p 00000000 00:00 0                          [stack:6785]
7f1d6ef11000-7f1d6ef14000 ---p 00000000 00:00 0 
7f1d6ef14000-7f1d6f012000 rw-p 00000000 00:00 0                          [stack:6784]
7f1d6f012000-7f1d6f015000 ---p 00000000 00:00 0 
7f1d6f015000-7f1d6f113000 rw-p 00000000 00:00 0                          [stack:6783]
7f1d6f113000-7f1d6f2f3000 r--p 00000000 08:01 5516089                    /usr/lib/locale/locale-archive
7f1d6f2f3000-7f1d6f2f6000 ---p 00000000 00:00 0 
7f1d6f2f6000-7f1d6f3f4000 rw-p 00000000 00:00 0                          [stack:6773]
7f1d6f3f4000-7f1d6f3f7000 ---p 00000000 00:00 0 
7f1d6f3f7000-7f1d6f4f5000 rw-p 00000000 00:00 0                          [stack:6771]
7f1d6f4f5000-7f1d6f4f6000 ---p 00000000 00:00 0 
7f1d6f4f6000-7f1d70000000 rw-p 00000000 00:00 0                          [stack:6770]
7f1d70000000-7f1d70021000 rw-p 00000000 00:00 0 
7f1d70021000-7f1d74000000 ---p 00000000 00:00 0 
7f1d74055000-7f1d745bd000 rw-p 00000000 00:00 0 
7f1d745bd000-7f1d7478a000 r--s 03be5000 08:01 132981                     /usr/lib/jvm/java-8-openjdk/jre/lib/rt.jar
7f1d7478a000-7f1d74e80000 rw-p 00000000 00:00 0 
7f1d74e80000-7f1d75000000 ---p 00000000 00:00 0 
7f1d75000000-7f1d756b0000 rwxp 00000000 00:00 0 
7f1d756b0000-7f1d84000000 ---p 00000000 00:00 0 
7f1d84000000-7f1d84176000 rw-p 00000000 00:00 0 
7f1d84176000-7f1d88000000 ---p 00000000 00:00 0 
7f1d88000000-7f1d88016000 r--s 000f0000 08:01 1706487                    /home/aoi/code/ITCS4180-MobileAppDev/Homework5/app/build/intermediates/exploded-aar/com.android.support/support-v4/23.2.0/jars/classes.jar
7f1d88016000-7f1d8a263000 rw-p 00000000 00:00 0 
7f1d8a263000-7f1d8a264000 ---p 00000000 00:00 0 
7f1d8a264000-7f1d8a364000 rw-p 00000000 00:00 0                          [stack:6762]
7f1d8a364000-7f1d8a365000 ---p 00000000 00:00 0 
7f1d8a365000-7f1d8a465000 rw-p 00000000 00:00 0                          [stack:6759]
7f1d8a465000-7f1d8a466000 ---p 00000000 00:00 0 
7f1d8a466000-7f1d8a566000 rw-p 00000000 00:00 0                          [stack:6756]
7f1d8a566000-7f1d8a567000 ---p 00000000 00:00 0 
7f1d8a567000-7f1d8a691000 rw-p 00000000 00:00 0                          [stack:6755]
7f1d8a691000-7f1d8a7bd000 ---p 00000000 00:00 0 
7f1d8a7bd000-7f1d8a7e7000 rw-p 00000000 00:00 0 
7f1d8a7e7000-7f1d8a912000 ---p 00000000 00:00 0 
7f1d8a912000-7f1d8a956000 rw-p 00000000 00:00 0 
7f1d8a956000-7f1d8a9bd000 ---p 00000000 00:00 0 
7f1d8a9bd000-7f1d8a9d9000 rw-p 00000000 00:00 0 
7f1d8a9d9000-7f1d8ad7e000 ---p 00000000 00:00 0 
7f1d8ad7e000-7f1d8ad86000 r-xp 00000000 08:01 133040                     /usr/lib/jvm/java-8-openjdk/jre/lib/amd64/libzip.so
7f1d8ad86000-7f1d8af85000 ---p 00008000 08:01 133040                     /usr/lib/jvm/java-8-openjdk/jre/lib/amd64/libzip.so
7f1d8af85000-7f1d8af86000 rw-p 00007000 08:01 133040                     /usr/lib/jvm/java-8-openjdk/jre/lib/amd64/libzip.so
7f1d8af86000-7f1d8af91000 r-xp 00000000 08:01 5511317                    /usr/lib/libnss_files-2.23.so
7f1d8af91000-7f1d8b190000 ---p 0000b000 08:01 5511317                    /usr/lib/libnss_files-2.23.so
7f1d8b190000-7f1d8b191000 r--p 0000a000 08:01 5511317                    /usr/lib/libnss_files-2.23.so
7f1d8b191000-7f1d8b192000 rw-p 0000b000 08:01 5511317                    /usr/lib/libnss_files-2.23.so
7f1d8b192000-7f1d8b198000 rw-p 00000000 00:00 0 
7f1d8b198000-7f1d8b1c4000 r-xp 00000000 08:01 133039                     /usr/lib/jvm/java-8-openjdk/jre/lib/amd64/libjava.so
7f1d8b1c4000-7f1d8b3c4000 ---p 0002c000 08:01 133039                     /usr/lib/jvm/java-8-openjdk/jre/lib/amd64/libjava.so
7f1d8b3c4000-7f1d8b3c6000 rw-p 0002c000 08:01 133039                     /usr/lib/jvm/java-8-openjdk/jre/lib/amd64/libjava.so
7f1d8b3c6000-7f1d8b3d3000 r-xp 00000000 08:01 133031                     /usr/lib/jvm/java-8-openjdk/jre/lib/amd64/libverify.so
7f1d8b3d3000-7f1d8b5d2000 ---p 0000d000 08:01 133031                     /usr/lib/jvm/java-8-openjdk/jre/lib/amd64/libverify.so
7f1d8b5d2000-7f1d8b5d4000 rw-p 0000c000 08:01 133031                     /usr/lib/jvm/java-8-openjdk/jre/lib/amd64/libverify.so
7f1d8b5d4000-7f1d8b5db000 r-xp 00000000 08:01 5511325                    /usr/lib/librt-2.23.so
7f1d8b5db000-7f1d8b7da000 ---p 00007000 08:01 5511325                    /usr/lib/librt-2.23.so
7f1d8b7da000-7f1d8b7db000 r--p 00006000 08:01 5511325                    /usr/lib/librt-2.23.so
7f1d8b7db000-7f1d8b7dc000 rw-p 00007000 08:01 5511325                    /usr/lib/librt-2.23.so
7f1d8b7dc000-7f1d8b8df000 r-xp 00000000 08:01 5511322                    /usr/lib/libm-2.23.so
7f1d8b8df000-7f1d8badf000 ---p 00103000 08:01 5511322                    /usr/lib/libm-2.23.so
7f1d8badf000-7f1d8bae0000 r--p 00103000 08:01 5511322                    /usr/lib/libm-2.23.so
7f1d8bae0000-7f1d8bae1000 rw-p 00104000 08:01 5511322                    /usr/lib/libm-2.23.so
7f1d8bae1000-7f1d8c733000 r-xp 00000000 08:01 133063                     /usr/lib/jvm/java-8-openjdk/jre/lib/amd64/server/libjvm.so
7f1d8c733000-7f1d8c933000 ---p 00c52000 08:01 133063                     /usr/lib/jvm/java-8-openjdk/jre/lib/amd64/server/libjvm.so
7f1d8c933000-7f1d8c9ef000 rw-p 00c52000 08:01 133063                     /usr/lib/jvm/java-8-openjdk/jre/lib/amd64/server/libjvm.so
7f1d8c9ef000-7f1d8ca1d000 rw-p 00000000 00:00 0 
7f1d8ca1d000-7f1d8cbb5000 r-xp 00000000 08:01 5511268                    /usr/lib/libc-2.23.so
7f1d8cbb5000-7f1d8cdb4000 ---p 00198000 08:01 5511268                    /usr/lib/libc-2.23.so
7f1d8cdb4000-7f1d8cdb8000 r--p 00197000 08:01 5511268                    /usr/lib/libc-2.23.so
7f1d8cdb8000-7f1d8cdba000 rw-p 0019b000 08:01 5511268                    /usr/lib/libc-2.23.so
7f1d8cdba000-7f1d8cdbe000 rw-p 00000000 00:00 0 
7f1d8cdbe000-7f1d8cdc0000 r-xp 00000000 08:01 5511321                    /usr/lib/libdl-2.23.so
7f1d8cdc0000-7f1d8cfc0000 ---p 00002000 08:01 5511321                    /usr/lib/libdl-2.23.so
7f1d8cfc0000-7f1d8cfc1000 r--p 00002000 08:01 5511321                    /usr/lib/libdl-2.23.so
7f1d8cfc1000-7f1d8cfc2000 rw-p 00003000 08:01 5511321                    /usr/lib/libdl-2.23.so
7f1d8cfc2000-7f1d8cfcf000 r-xp 00000000 08:01 133060                     /usr/lib/jvm/java-8-openjdk/jre/lib/amd64/jli/libjli.so
7f1d8cfcf000-7f1d8d1ce000 ---p 0000d000 08:01 133060                     /usr/lib/jvm/java-8-openjdk/jre/lib/amd64/jli/libjli.so
7f1d8d1ce000-7f1d8d1cf000 rw-p 0000c000 08:01 133060                     /usr/lib/jvm/java-8-openjdk/jre/lib/amd64/jli/libjli.so
7f1d8d1cf000-7f1d8d1e4000 r-xp 00000000 08:01 5513211                    /usr/lib/libz.so.1.2.8
7f1d8d1e4000-7f1d8d3e3000 ---p 00015000 08:01 5513211                    /usr/lib/libz.so.1.2.8
7f1d8d3e3000-7f1d8d3e4000 r--p 00014000 08:01 5513211                    /usr/lib/libz.so.1.2.8
7f1d8d3e4000-7f1d8d3e5000 rw-p 00015000 08:01 5513211                    /usr/lib/libz.so.1.2.8
7f1d8d3e5000-7f1d8d3fd000 r-xp 00000000 08:01 5511249                    /usr/lib/libpthread-2.23.so
7f1d8d3fd000-7f1d8d5fc000 ---p 00018000 08:01 5511249                    /usr/lib/libpthread-2.23.so
7f1d8d5fc000-7f1d8d5fd000 r--p 00017000 08:01 5511249                    /usr/lib/libpthread-2.23.so
7f1d8d5fd000-7f1d8d5fe000 rw-p 00018000 08:01 5511249                    /usr/lib/libpthread-2.23.so
7f1d8d5fe000-7f1d8d602000 rw-p 00000000 00:00 0 
7f1d8d602000-7f1d8d625000 r-xp 00000000 08:01 5511267                    /usr/lib/ld-2.23.so
7f1d8d629000-7f1d8d6ee000 rw-p 00000000 00:00 0 
7f1d8d6ee000-7f1d8d6f1000 ---p 00000000 00:00 0 
7f1d8d6f1000-7f1d8d7f3000 rw-p 00000000 00:00 0                          [stack:6753]
7f1d8d7f7000-7f1d8d806000 r--s 000df000 08:01 796139                     /home/aoi/Android/Sdk/build-tools/23.0.2/lib/dx.jar
7f1d8d806000-7f1d8d81a000 rw-p 00000000 00:00 0 
7f1d8d81a000-7f1d8d822000 rw-s 00000000 00:20 117                        /tmp/hsperfdata_aoi/6751
7f1d8d822000-7f1d8d823000 rw-p 00000000 00:00 0 
7f1d8d823000-7f1d8d824000 ---p 00000000 00:00 0 
7f1d8d824000-7f1d8d825000 rw-p 00000000 00:00 0 
7f1d8d825000-7f1d8d826000 r--p 00023000 08:01 5511267                    /usr/lib/ld-2.23.so
7f1d8d826000-7f1d8d827000 rw-p 00024000 08:01 5511267                    /usr/lib/ld-2.23.so
7f1d8d827000-7f1d8d828000 rw-p 00000000 00:00 0 
7ffeba00b000-7ffeba02c000 rw-p 00000000 00:00 0                          [stack]
7ffeba1a5000-7ffeba1a7000 r--p 00000000 00:00 0                          [vvar]
7ffeba1a7000-7ffeba1a9000 r-xp 00000000 00:00 0                          [vdso]
ffffffffff600000-ffffffffff601000 r-xp 00000000 00:00 0                  [vsyscall]

VM Arguments:
jvm_args: -Djava.awt.headless=true -Xmx1024M -Dfile.encoding=UTF-8 -Duser.country=US -Duser.language=en -Duser.variant 
java_command: com.android.dx.command.Main --dex --num-threads=4 --output /home/aoi/code/ITCS4180-MobileAppDev/Homework5/app/build/intermediates/pre-dexed/debug/com.android.support-support-v4-23.2.0_34ec189828edcb3d2a8df50f8845c0d71b5f23ca.jar /home/aoi/code/ITCS4180-MobileAppDev/Homework5/app/build/intermediates/exploded-aar/com.android.support/support-v4/23.2.0/jars/classes.jar
java_class_path (initial): /home/aoi/Android/Sdk/build-tools/23.0.2/lib/dx.jar
Launcher Type: SUN_STANDARD

Environment Variables:
PATH=/usr/lib/hardening-wrapper/bin:/usr/local/sbin:/usr/local/bin:/usr/bin:/usr/lib/jvm/default/bin:/usr/bin/site_perl:/usr/bin/vendor_perl:/usr/bin/core_perl
LD_LIBRARY_PATH=/opt/android-studio/bin:
SHELL=/bin/bash
DISPLAY=:0

Signal Handlers:
SIGSEGV: [libjvm.so+0xa57b90], sa_mask[0]=11111111011111111101111111111110, sa_flags=SA_RESTART|SA_SIGINFO
SIGBUS: [libjvm.so+0xa57b90], sa_mask[0]=11111111011111111101111111111110, sa_flags=SA_RESTART|SA_SIGINFO
SIGFPE: [libjvm.so+0x8a40d0], sa_mask[0]=11111111011111111101111111111110, sa_flags=SA_RESTART|SA_SIGINFO
SIGPIPE: [libjvm.so+0x8a40d0], sa_mask[0]=11111111011111111101111111111110, sa_flags=SA_RESTART|SA_SIGINFO
SIGXFSZ: [libjvm.so+0x8a40d0], sa_mask[0]=11111111011111111101111111111110, sa_flags=SA_RESTART|SA_SIGINFO
SIGILL: [libjvm.so+0x8a40d0], sa_mask[0]=11111111011111111101111111111110, sa_flags=SA_RESTART|SA_SIGINFO
SIGUSR1: SIG_DFL, sa_mask[0]=00000000000000000000000000000000, sa_flags=none
SIGUSR2: [libjvm.so+0x8a3f80], sa_mask[0]=00100000000000000000000000000000, sa_flags=SA_RESTART|SA_SIGINFO
SIGHUP: [libjvm.so+0x8a4450], sa_mask[0]=11111111011111111101111111111110, sa_flags=SA_RESTART|SA_SIGINFO
SIGINT: [libjvm.so+0x8a4450], sa_mask[0]=11111111011111111101111111111110, sa_flags=SA_RESTART|SA_SIGINFO
SIGTERM: [libjvm.so+0x8a4450], sa_mask[0]=11111111011111111101111111111110, sa_flags=SA_RESTART|SA_SIGINFO
SIGQUIT: [libjvm.so+0x8a4450], sa_mask[0]=11111111011111111101111111111110, sa_flags=SA_RESTART|SA_SIGINFO


---------------  S Y S T E M  ---------------

OS:DISTRIB_ID=ManjaroLinux
DISTRIB_RELEASE=15.12
DISTRIB_CODENAME=Capella
DISTRIB_DESCRIPTION="Manjaro Linux"

uname:Linux 4.1.18-2-MANJARO #1 SMP PREEMPT Sat Feb 27 23:18:59 UTC 2016 x86_64
libc:glibc 2.23 NPTL 2.23 
rlimit: STACK 8192k, CORE infinity, NPROC 31458, NOFILE 4096, AS infinity
load average:3.33 1.16 0.96

/proc/meminfo:
MemTotal:        8060316 kB
MemFree:           44936 kB
MemAvailable:      77096 kB
Buffers:             572 kB
Cached:          1138988 kB
SwapCached:            0 kB
Active:          6215708 kB
Inactive:         876612 kB
Active(anon):    6200092 kB
Inactive(anon):   866384 kB
Active(file):      15616 kB
Inactive(file):    10228 kB
Unevictable:         136 kB
Mlocked:             136 kB
SwapTotal:             0 kB
SwapFree:              0 kB
Dirty:                 0 kB
Writeback:             0 kB
AnonPages:       5953780 kB
Mapped:          1270908 kB
Shmem:           1112864 kB
Slab:              96992 kB
SReclaimable:      47412 kB
SUnreclaim:        49580 kB
KernelStack:       15040 kB
PageTables:        87656 kB
NFS_Unstable:          0 kB
Bounce:                0 kB
WritebackTmp:          0 kB
CommitLimit:     4030156 kB
Committed_AS:   17764684 kB
VmallocTotal:   34359738367 kB
VmallocUsed:      381360 kB
VmallocChunk:   34358947836 kB
HardwareCorrupted:     0 kB
AnonHugePages:    907264 kB
HugePages_Total:       0
HugePages_Free:        0
HugePages_Rsvd:        0
HugePages_Surp:        0
Hugepagesize:       2048 kB
DirectMap4k:      261760 kB
DirectMap2M:     8007680 kB


CPU:total 4 (2 cores per cpu, 2 threads per core) family 6 model 42 stepping 7, cmov, cx8, fxsr, mmx, sse, sse2, sse3, ssse3, sse4.1, sse4.2, popcnt, avx, aes, clmul, ht, tsc, tscinvbit

/proc/cpuinfo:
processor	: 0
vendor_id	: GenuineIntel
cpu family	: 6
model		: 42
model name	: Intel(R) Core(TM) i5-2520M CPU @ 2.50GHz
stepping	: 7
microcode	: 0x29
cpu MHz		: 2999.902
cache size	: 3072 KB
physical id	: 0
siblings	: 4
core id		: 0
cpu cores	: 2
apicid		: 0
initial apicid	: 0
fpu		: yes
fpu_exception	: yes
cpuid level	: 13
wp		: yes
flags		: fpu vme de pse tsc msr pae mce cx8 apic sep mtrr pge mca cmov pat pse36 clflush dts acpi mmx fxsr sse sse2 ss ht tm pbe syscall nx rdtscp lm constant_tsc arch_perfmon pebs bts nopl xtopology nonstop_tsc aperfmperf eagerfpu pni pclmulqdq dtes64 monitor ds_cpl vmx smx est tm2 ssse3 cx16 xtpr pdcm pcid sse4_1 sse4_2 x2apic popcnt tsc_deadline_timer aes xsave avx lahf_lm ida arat epb pln pts dtherm tpr_shadow vnmi flexpriority ept vpid xsaveopt
bugs		:
bogomips	: 4986.82
clflush size	: 64
cache_alignment	: 64
address sizes	: 36 bits physical, 48 bits virtual
power management:

processor	: 1
vendor_id	: GenuineIntel
cpu family	: 6
model		: 42
model name	: Intel(R) Core(TM) i5-2520M CPU @ 2.50GHz
stepping	: 7
microcode	: 0x29
cpu MHz		: 3000.000
cache size	: 3072 KB
physical id	: 0
siblings	: 4
core id		: 0
cpu cores	: 2
apicid		: 1
initial apicid	: 1
fpu		: yes
fpu_exception	: yes
cpuid level	: 13
wp		: yes
flags		: fpu vme de pse tsc msr pae mce cx8 apic sep mtrr pge mca cmov pat pse36 clflush dts acpi mmx fxsr sse sse2 ss ht tm pbe syscall nx rdtscp lm constant_tsc arch_perfmon pebs bts nopl xtopology nonstop_tsc aperfmperf eagerfpu pni pclmulqdq dtes64 monitor ds_cpl vmx smx est tm2 ssse3 cx16 xtpr pdcm pcid sse4_1 sse4_2 x2apic popcnt tsc_deadline_timer aes xsave avx lahf_lm ida arat epb pln pts dtherm tpr_shadow vnmi flexpriority ept vpid xsaveopt
bugs		:
bogomips	: 4986.82
clflush size	: 64
cache_alignment	: 64
address sizes	: 36 bits physical, 48 bits virtual
power management:

processor	: 2
vendor_id	: GenuineIntel
cpu family	: 6
model		: 42
model name	: Intel(R) Core(TM) i5-2520M CPU @ 2.50GHz
stepping	: 7
microcode	: 0x29
cpu MHz		: 2999.902
cache size	: 3072 KB
physical id	: 0
siblings	: 4
core id		: 1
cpu cores	: 2
apicid		: 2
initial apicid	: 2
fpu		: yes
fpu_exception	: yes
cpuid level	: 13
wp		: yes
flags		: fpu vme de pse tsc msr pae mce cx8 apic sep mtrr pge mca cmov pat pse36 clflush dts acpi mmx fxsr sse sse2 ss ht tm pbe syscall nx rdtscp lm constant_tsc arch_perfmon pebs bts nopl xtopology nonstop_tsc aperfmperf eagerfpu pni pclmulqdq dtes64 monitor ds_cpl vmx smx est tm2 ssse3 cx16 xtpr pdcm pcid sse4_1 sse4_2 x2apic popcnt tsc_deadline_timer aes xsave avx lahf_lm ida arat epb pln pts dtherm tpr_shadow vnmi flexpriority ept vpid xsaveopt
bugs		:
bogomips	: 4986.82
clflush size	: 64
cache_alignment	: 64
address sizes	: 36 bits physical, 48 bits virtual
power management:

processor	: 3
vendor_id	: GenuineIntel
cpu family	: 6
model		: 42
model name	: Intel(R) Core(TM) i5-2520M CPU @ 2.50GHz
stepping	: 7
microcode	: 0x29
cpu MHz		: 3000.000
cache size	: 3072 KB
physical id	: 0
siblings	: 4
core id		: 1
cpu cores	: 2
apicid		: 3
initial apicid	: 3
fpu		: yes
fpu_exception	: yes
cpuid level	: 13
wp		: yes
flags		: fpu vme de pse tsc msr pae mce cx8 apic sep mtrr pge mca cmov pat pse36 clflush dts acpi mmx fxsr sse sse2 ss ht tm pbe syscall nx rdtscp lm constant_tsc arch_perfmon pebs bts nopl xtopology nonstop_tsc aperfmperf eagerfpu pni pclmulqdq dtes64 monitor ds_cpl vmx smx est tm2 ssse3 cx16 xtpr pdcm pcid sse4_1 sse4_2 x2apic popcnt tsc_deadline_timer aes xsave avx lahf_lm ida arat epb pln pts dtherm tpr_shadow vnmi flexpriority ept vpid xsaveopt
bugs		:
bogomips	: 4986.82
clflush size	: 64
cache_alignment	: 64
address sizes	: 36 bits physical, 48 bits virtual
power management:



Memory: 4k page, physical 8060316k(44936k free), swap 0k(0k free)

vm_info: OpenJDK 64-Bit Server VM (25.74-b02) for linux-amd64 JRE (1.8.0_74-b02), built on Feb  8 2016 12:22:08 by "builduser" with gcc 5.3.0

time: Sun Mar  6 19:09:53 2016
elapsed time: 8 seconds (0d 0h 0m 8s)

