#
# There is insufficient memory for the Java Runtime Environment to continue.
# Native memory allocation (mmap) failed to map 65011712 bytes for committing reserved memory.
# Possible reasons:
#   The system is out of physical RAM or swap space
#   In 32 bit mode, the process size limit was hit
# Possible solutions:
#   Reduce memory load on the system
#   Increase physical memory or swap space
#   Check if swap backing store is full
#   Use 64 bit Java on a 64 bit OS
#   Decrease Java heap size (-Xmx/-Xms)
#   Decrease number of Java threads
#   Decrease Java thread stack sizes (-Xss)
#   Set larger code cache with -XX:ReservedCodeCacheSize=
# This output file may be truncated or incomplete.
#
#  Out of Memory Error (os_linux.cpp:2627), pid=6730, tid=140360441992960
#
# JRE version: OpenJDK Runtime Environment (8.0_74-b02) (build 1.8.0_74-b02)
# Java VM: OpenJDK 64-Bit Server VM (25.74-b02 mixed mode linux-amd64 compressed oops)
# Core dump written. Default location: /home/aoi/code/ITCS4180-MobileAppDev/Homework5/app/core or core.6730
#

---------------  T H R E A D  ---------------

Current thread (0x00007fa848076000):  VMThread [stack: 0x00007fa836391000,0x00007fa836492000] [id=6763]

Stack: [0x00007fa836391000,0x00007fa836492000],  sp=0x00007fa8364904c0,  free space=1021k
Native frames: (J=compiled Java code, j=interpreted, Vv=VM code, C=native code)
V  [libjvm.so+0xa5703b]
V  [libjvm.so+0x4c235c]
V  [libjvm.so+0x8a8a30]
V  [libjvm.so+0x8a2f5e]
V  [libjvm.so+0x91c67b]
V  [libjvm.so+0x91d9c3]
V  [libjvm.so+0x91a08b]
V  [libjvm.so+0x91a33c]
V  [libjvm.so+0x8ccf73]
V  [libjvm.so+0xa58c82]
V  [libjvm.so+0xa5dc57]
V  [libjvm.so+0xa5b49c]
V  [libjvm.so+0xa5c87f]
V  [libjvm.so+0xa5cd71]
V  [libjvm.so+0x8a5f42]

VM_Operation (0x00007fa8356a3f80): ParallelGCFailedAllocation, mode: safepoint, requested by thread 0x00007fa848144000


---------------  P R O C E S S  ---------------

Java Threads: ( => current thread )
  0x00007fa848145800 JavaThread "pool-1-thread-4" [_thread_blocked, id=6823, stack(0x00007fa8354a4000,0x00007fa8355a5000)]
  0x00007fa848144000 JavaThread "pool-1-thread-3" [_thread_blocked, id=6820, stack(0x00007fa8355a5000,0x00007fa8356a6000)]
  0x00007fa848142800 JavaThread "pool-1-thread-2" [_thread_blocked, id=6819, stack(0x00007fa8356a6000,0x00007fa8357a7000)]
  0x00007fa848141000 JavaThread "pool-2-thread-1" [_thread_blocked, id=6815, stack(0x00007fa8357a7000,0x00007fa8358a8000)]
  0x00007fa84813e800 JavaThread "pool-1-thread-1" [_thread_blocked, id=6814, stack(0x00007fa8358a8000,0x00007fa8359a9000)]
  0x00007fa8480c7000 JavaThread "Service Thread" daemon [_thread_blocked, id=6799, stack(0x00007fa835aaa000,0x00007fa835bab000)]
  0x00007fa8480bb800 JavaThread "C1 CompilerThread2" daemon [_thread_blocked, id=6798, stack(0x00007fa835bab000,0x00007fa835cac000)]
  0x00007fa8480ba000 JavaThread "C2 CompilerThread1" daemon [_thread_blocked, id=6797, stack(0x00007fa835cac000,0x00007fa835dad000)]
  0x00007fa8480b7000 JavaThread "C2 CompilerThread0" daemon [_thread_blocked, id=6796, stack(0x00007fa835dad000,0x00007fa835eae000)]
  0x00007fa8480b5800 JavaThread "Signal Dispatcher" daemon [_thread_blocked, id=6795, stack(0x00007fa835eae000,0x00007fa835faf000)]
  0x00007fa848082800 JavaThread "Finalizer" daemon [_thread_blocked, id=6776, stack(0x00007fa83618f000,0x00007fa836290000)]
  0x00007fa84807d800 JavaThread "Reference Handler" daemon [_thread_blocked, id=6772, stack(0x00007fa836290000,0x00007fa836391000)]
  0x00007fa848008800 JavaThread "main" [_thread_blocked, id=6737, stack(0x00007fa85052a000,0x00007fa85062b000)]

Other Threads:
=>0x00007fa848076000 VMThread [stack: 0x00007fa836391000,0x00007fa836492000] [id=6763]
  0x00007fa8480c9000 WatcherThread [stack: 0x00007fa8359a9000,0x00007fa835aaa000] [id=6800]

VM state:at safepoint (normal execution)

VM Mutex/Monitor currently owned by a thread:  ([mutex/lock_event])
[0x00007fa848006540] Threads_lock - owner thread: 0x00007fa848076000
[0x00007fa848006a40] Heap_lock - owner thread: 0x00007fa848144000

Heap:
 PSYoungGen      total 68608K, used 5106K [0x00000000eab00000, 0x00000000ef300000, 0x0000000100000000)
  eden space 63488K, 0% used [0x00000000eab00000,0x00000000eab00000,0x00000000ee900000)
  from space 5120K, 99% used [0x00000000ee900000,0x00000000eedfca68,0x00000000eee00000)
  to   space 5120K, 0% used [0x00000000eee00000,0x00000000eee00000,0x00000000ef300000)
 ParOldGen       total 84992K, used 14124K [0x00000000c0000000, 0x00000000c5300000, 0x00000000eab00000)
  object space 84992K, 16% used [0x00000000c0000000,0x00000000c0dcb118,0x00000000c5300000)
 Metaspace       used 6032K, capacity 6960K, committed 7040K, reserved 1056768K
  class space    used 592K, capacity 616K, committed 640K, reserved 1048576K

Card table byte_map: [0x00007fa84d5f9000,0x00007fa84d7fa000] byte_map_base: 0x00007fa84cff9000

Marking Bits: (ParMarkBitMap*) 0x00007fa84f83e400
 Begin Bits: [0x00007fa837000000, 0x00007fa838000000)
 End Bits:   [0x00007fa838000000, 0x00007fa839000000)

Polling page: 0x00007fa85065f000

CodeCache: size=245760Kb used=4652Kb max_used=4652Kb free=241108Kb
 bounds [0x00007fa839000000, 0x00007fa839490000, 0x00007fa848000000]
 total_blobs=1511 nmethods=1244 adapters=182
 compilation: enabled

Compilation events (10 events):
Event: 5.485 Thread 0x00007fa8480bb800 nmethod 1462% 0x00007fa83948a750 code [0x00007fa83948a920, 0x00007fa83948b1b8]
Event: 5.485 Thread 0x00007fa8480bb800 1458       2       com.android.dx.cf.code.Ropper::getRopMethod (64 bytes)
Event: 5.490 Thread 0x00007fa8480bb800 nmethod 1458 0x00007fa83948b490 code [0x00007fa83948b660, 0x00007fa83948bb98]
Event: 5.490 Thread 0x00007fa8480bb800 1463       2       com.android.dx.ssa.SsaMethod::convertRopToSsaBlocks (103 bytes)
Event: 5.494 Thread 0x00007fa8480bb800 nmethod 1463 0x00007fa83948c1d0 code [0x00007fa83948c3c0, 0x00007fa83948c9a8]
Event: 5.494 Thread 0x00007fa8480bb800 1440       2       com.android.dx.rop.cst.TypedConstant::getBasicFrameType (8 bytes)
Event: 5.494 Thread 0x00007fa8480bb800 nmethod 1440 0x00007fa83948d110 code [0x00007fa83948d280, 0x00007fa83948d418]
Event: 5.494 Thread 0x00007fa8480bb800 1437       2       com.android.dx.dex.cf.AttributeTranslator::getAnnotations (22 bytes)
Event: 5.514 Thread 0x00007fa8480bb800 nmethod 1437 0x00007fa83948d510 code [0x00007fa83948d6c0, 0x00007fa83948da48]
Event: 5.515 Thread 0x00007fa8480bb800 1470       3       com.android.dx.ssa.SsaRenamer$BlockRenamer::updateSuccessorPhis (64 bytes)

GC Heap History (5 events):
Event: 2.577 GC heap before
{Heap before GC invocations=1 (full 0):
 PSYoungGen      total 36864K, used 31744K [0x00000000eab00000, 0x00000000ed400000, 0x0000000100000000)
  eden space 31744K, 100% used [0x00000000eab00000,0x00000000eca00000,0x00000000eca00000)
  from space 5120K, 0% used [0x00000000ecf00000,0x00000000ecf00000,0x00000000ed400000)
  to   space 5120K, 0% used [0x00000000eca00000,0x00000000eca00000,0x00000000ecf00000)
 ParOldGen       total 84992K, used 0K [0x00000000c0000000, 0x00000000c5300000, 0x00000000eab00000)
  object space 84992K, 0% used [0x00000000c0000000,0x00000000c0000000,0x00000000c5300000)
 Metaspace       used 5756K, capacity 6768K, committed 7040K, reserved 1056768K
  class space    used 573K, capacity 616K, committed 640K, reserved 1048576K
Event: 2.635 GC heap after
Heap after GC invocations=1 (full 0):
 PSYoungGen      total 36864K, used 5111K [0x00000000eab00000, 0x00000000ef300000, 0x0000000100000000)
  eden space 31744K, 0% used [0x00000000eab00000,0x00000000eab00000,0x00000000eca00000)
  from space 5120K, 99% used [0x00000000eca00000,0x00000000ecefdd78,0x00000000ecf00000)
  to   space 5120K, 0% used [0x00000000eee00000,0x00000000eee00000,0x00000000ef300000)
 ParOldGen       total 84992K, used 911K [0x00000000c0000000, 0x00000000c5300000, 0x00000000eab00000)
  object space 84992K, 1% used [0x00000000c0000000,0x00000000c00e3da0,0x00000000c5300000)
 Metaspace       used 5756K, capacity 6768K, committed 7040K, reserved 1056768K
  class space    used 573K, capacity 616K, committed 640K, reserved 1048576K
}
Event: 3.802 GC heap before
{Heap before GC invocations=2 (full 0):
 PSYoungGen      total 36864K, used 36855K [0x00000000eab00000, 0x00000000ef300000, 0x0000000100000000)
  eden space 31744K, 100% used [0x00000000eab00000,0x00000000eca00000,0x00000000eca00000)
  from space 5120K, 99% used [0x00000000eca00000,0x00000000ecefdd78,0x00000000ecf00000)
  to   space 5120K, 0% used [0x00000000eee00000,0x00000000eee00000,0x00000000ef300000)
 ParOldGen       total 84992K, used 911K [0x00000000c0000000, 0x00000000c5300000, 0x00000000eab00000)
  object space 84992K, 1% used [0x00000000c0000000,0x00000000c00e3da0,0x00000000c5300000)
 Metaspace       used 5834K, capacity 6832K, committed 7040K, reserved 1056768K
  class space    used 574K, capacity 616K, committed 640K, reserved 1048576K
Event: 3.851 GC heap after
Heap after GC invocations=2 (full 0):
 PSYoungGen      total 68608K, used 5103K [0x00000000eab00000, 0x00000000ef300000, 0x0000000100000000)
  eden space 63488K, 0% used [0x00000000eab00000,0x00000000eab00000,0x00000000ee900000)
  from space 5120K, 99% used [0x00000000eee00000,0x00000000ef2fbe68,0x00000000ef300000)
  to   space 5120K, 0% used [0x00000000ee900000,0x00000000ee900000,0x00000000eee00000)
 ParOldGen       total 84992K, used 4938K [0x00000000c0000000, 0x00000000c5300000, 0x00000000eab00000)
  object space 84992K, 5% used [0x00000000c0000000,0x00000000c04d2b18,0x00000000c5300000)
 Metaspace       used 5834K, capacity 6832K, committed 7040K, reserved 1056768K
  class space    used 574K, capacity 616K, committed 640K, reserved 1048576K
}
Event: 5.538 GC heap before
{Heap before GC invocations=3 (full 0):
 PSYoungGen      total 68608K, used 68591K [0x00000000eab00000, 0x00000000ef300000, 0x0000000100000000)
  eden space 63488K, 100% used [0x00000000eab00000,0x00000000ee900000,0x00000000ee900000)
  from space 5120K, 99% used [0x00000000eee00000,0x00000000ef2fbe68,0x00000000ef300000)
  to   space 5120K, 0% used [0x00000000ee900000,0x00000000ee900000,0x00000000eee00000)
 ParOldGen       total 84992K, used 4938K [0x00000000c0000000, 0x00000000c5300000, 0x00000000eab00000)
  object space 84992K, 5% used [0x00000000c0000000,0x00000000c04d2b18,0x00000000c5300000)
 Metaspace       used 6032K, capacity 6960K, committed 7040K, reserved 1056768K
  class space    used 592K, capacity 616K, committed 640K, reserved 1048576K

Deoptimization events (10 events):
Event: 0.611 Thread 0x00007fa848008800 Uncommon trap: reason=unstable_if action=reinterpret pc=0x00007fa83914b250 method=java.lang.String.indexOf(II)I @ 49
Event: 1.442 Thread 0x00007fa848145800 Uncommon trap: reason=unstable_if action=reinterpret pc=0x00007fa8391fea34 method=java.util.HashMap.getNode(ILjava/lang/Object;)Ljava/util/HashMap$Node; @ 62
Event: 2.463 Thread 0x00007fa84813e800 Uncommon trap: reason=unstable_if action=reinterpret pc=0x00007fa839274100 method=com.android.dx.rop.code.RegisterSpec.equals(ILcom/android/dx/rop/type/TypeBearer;Lcom/android/dx/rop/code/LocalItem;)Z @ 42
Event: 2.930 Thread 0x00007fa848008800 Uncommon trap: reason=null_check action=make_not_entrant pc=0x00007fa8392ef454 method=com.android.dx.ssa.SsaRenamer.getLocalForNewReg(I)Lcom/android/dx/rop/code/LocalItem; @ 19
Event: 3.647 Thread 0x00007fa848008800 Uncommon trap: reason=unstable_if action=reinterpret pc=0x00007fa8392433dc method=com.android.dx.rop.cst.Constant.compareTo(Lcom/android/dx/rop/cst/Constant;)I @ 12
Event: 4.394 Thread 0x00007fa848008800 Uncommon trap: reason=unstable_if action=reinterpret pc=0x00007fa83938f8c4 method=com.android.dx.util.IntList.binarysearch(I)I @ 105
Event: 5.095 Thread 0x00007fa848008800 Uncommon trap: reason=unstable_if action=reinterpret pc=0x00007fa8392ade40 method=java.util.HashMap.putVal(ILjava/lang/Object;Ljava/lang/Object;ZZ)Ljava/lang/Object; @ 162
Event: 5.162 Thread 0x00007fa848008800 Uncommon trap: reason=unstable_if action=reinterpret pc=0x00007fa839223b6c method=java.util.HashMap.getNode(ILjava/lang/Object;)Ljava/util/HashMap$Node; @ 84
Event: 5.192 Thread 0x00007fa84813e800 Uncommon trap: reason=unstable_if action=reinterpret pc=0x00007fa839240434 method=java.util.HashMap.getNode(ILjava/lang/Object;)Ljava/util/HashMap$Node; @ 84
Event: 5.222 Thread 0x00007fa848144000 Uncommon trap: reason=unstable_if action=reinterpret pc=0x00007fa83936607c method=com.android.dx.ssa.SsaMethod.updateOneDefinition(Lcom/android/dx/ssa/SsaInsn;Lcom/android/dx/rop/code/RegisterSpec;)V @ 4

Internal exceptions (6 events):
Event: 0.095 Thread 0x00007fa848008800 Exception <a 'java/lang/NoSuchMethodError': Method sun.misc.Unsafe.defineClass(Ljava/lang/String;[BII)Ljava/lang/Class; name or signature does not match> (0x00000000eab07cc0) thrown at [/build/java8-openjdk/src/jdk8u-jdk8u74-b02/hotspot/src/share/vm/prims
Event: 0.095 Thread 0x00007fa848008800 Exception <a 'java/lang/NoSuchMethodError': Method sun.misc.Unsafe.prefetchRead(Ljava/lang/Object;J)V name or signature does not match> (0x00000000eab07fa8) thrown at [/build/java8-openjdk/src/jdk8u-jdk8u74-b02/hotspot/src/share/vm/prims/jni.cpp, line 398
Event: 2.930 Thread 0x00007fa848008800 Implicit null exception at 0x00007fa8392ec55c to 0x00007fa8392ef411
Event: 5.132 Thread 0x00007fa848008800 Exception <a 'java/lang/ArrayIndexOutOfBoundsException': 18> (0x00000000ed6f2f30) thrown at [/build/java8-openjdk/src/jdk8u-jdk8u74-b02/hotspot/src/share/vm/interpreter/interpreterRuntime.cpp, line 366]
Event: 5.133 Thread 0x00007fa848008800 Exception <a 'java/lang/ArrayIndexOutOfBoundsException': 145> (0x00000000ed6f4ab0) thrown at [/build/java8-openjdk/src/jdk8u-jdk8u74-b02/hotspot/src/share/vm/interpreter/interpreterRuntime.cpp, line 366]
Event: 5.139 Thread 0x00007fa848008800 Exception <a 'java/lang/ArrayIndexOutOfBoundsException': 40> (0x00000000ed6f5d98) thrown at [/build/java8-openjdk/src/jdk8u-jdk8u74-b02/hotspot/src/share/vm/interpreter/interpreterRuntime.cpp, line 366]

Events (10 events):
Event: 5.192 Thread 0x00007fa84813e800 DEOPT PACKING pc=0x00007fa839240434 sp=0x00007fa8359a6fb0
Event: 5.192 Thread 0x00007fa84813e800 DEOPT UNPACKING pc=0x00007fa839004f69 sp=0x00007fa8359a6f48 mode 2
Event: 5.217 loading class com/android/dx/rop/code/RegOps
Event: 5.217 loading class com/android/dx/rop/code/RegOps done
Event: 5.222 Thread 0x00007fa848144000 Uncommon trap: trap_request=0xffffff65 fr.pc=0x00007fa83936607c
Event: 5.222 Thread 0x00007fa848144000 DEOPT PACKING pc=0x00007fa83936607c sp=0x00007fa8356a3e90
Event: 5.222 Thread 0x00007fa848144000 DEOPT UNPACKING pc=0x00007fa839004f69 sp=0x00007fa8356a3e58 mode 2
Event: 5.309 Thread 0x00007fa848142800 DEOPT PACKING pc=0x00007fa83939f1ac sp=0x00007fa8357a52d0
Event: 5.309 Thread 0x00007fa848142800 DEOPT UNPACKING pc=0x00007fa839047373 sp=0x00007fa8357a4fd0 mode 0
Event: 5.526 Executing VM operation: ParallelGCFailedAllocation


Dynamic libraries:
00400000-00401000 r-xp 00000000 08:01 133072                             /usr/lib/jvm/java-8-openjdk/jre/bin/java
00600000-00601000 rw-p 00000000 08:01 133072                             /usr/lib/jvm/java-8-openjdk/jre/bin/java
01634000-01655000 rw-p 00000000 00:00 0                                  [heap]
c0000000-c5300000 rw-p 00000000 00:00 0 
c5300000-eab00000 ---p 00000000 00:00 0 
eab00000-ef300000 rw-p 00000000 00:00 0 
f3100000-100000000 ---p 00000000 00:00 0 
100000000-1000a0000 rw-p 00000000 00:00 0 
1000a0000-140000000 ---p 00000000 00:00 0 
7fa7e8000000-7fa7e8021000 rw-p 00000000 00:00 0 
7fa7e8021000-7fa7ec000000 ---p 00000000 00:00 0 
7fa7f0000000-7fa7f0021000 rw-p 00000000 00:00 0 
7fa7f0021000-7fa7f4000000 ---p 00000000 00:00 0 
7fa7f4000000-7fa7f4021000 rw-p 00000000 00:00 0 
7fa7f4021000-7fa7f8000000 ---p 00000000 00:00 0 
7fa7f8000000-7fa7f8043000 rw-p 00000000 00:00 0 
7fa7f8043000-7fa7fc000000 ---p 00000000 00:00 0 
7fa7fc000000-7fa7fc021000 rw-p 00000000 00:00 0 
7fa7fc021000-7fa800000000 ---p 00000000 00:00 0 
7fa800000000-7fa800021000 rw-p 00000000 00:00 0 
7fa800021000-7fa804000000 ---p 00000000 00:00 0 
7fa804000000-7fa804021000 rw-p 00000000 00:00 0 
7fa804021000-7fa808000000 ---p 00000000 00:00 0 
7fa808000000-7fa808665000 rw-p 00000000 00:00 0 
7fa808665000-7fa80c000000 ---p 00000000 00:00 0 
7fa80c000000-7fa80c616000 rw-p 00000000 00:00 0 
7fa80c616000-7fa810000000 ---p 00000000 00:00 0 
7fa810000000-7fa810021000 rw-p 00000000 00:00 0 
7fa810021000-7fa814000000 ---p 00000000 00:00 0 
7fa814000000-7fa8146b2000 rw-p 00000000 00:00 0 
7fa8146b2000-7fa818000000 ---p 00000000 00:00 0 
7fa818000000-7fa818021000 rw-p 00000000 00:00 0 
7fa818021000-7fa81c000000 ---p 00000000 00:00 0 
7fa81c000000-7fa81c021000 rw-p 00000000 00:00 0 
7fa81c021000-7fa820000000 ---p 00000000 00:00 0 
7fa820000000-7fa820021000 rw-p 00000000 00:00 0 
7fa820021000-7fa824000000 ---p 00000000 00:00 0 
7fa824000000-7fa824021000 rw-p 00000000 00:00 0 
7fa824021000-7fa828000000 ---p 00000000 00:00 0 
7fa828000000-7fa828021000 rw-p 00000000 00:00 0 
7fa828021000-7fa82c000000 ---p 00000000 00:00 0 
7fa82c000000-7fa82c021000 rw-p 00000000 00:00 0 
7fa82c021000-7fa830000000 ---p 00000000 00:00 0 
7fa830000000-7fa830021000 rw-p 00000000 00:00 0 
7fa830021000-7fa834000000 ---p 00000000 00:00 0 
7fa8354a4000-7fa8354a7000 ---p 00000000 00:00 0 
7fa8354a7000-7fa8355a5000 rw-p 00000000 00:00 0                          [stack:6823]
7fa8355a5000-7fa8355a8000 ---p 00000000 00:00 0 
7fa8355a8000-7fa8356a6000 rw-p 00000000 00:00 0                          [stack:6820]
7fa8356a6000-7fa8356a9000 ---p 00000000 00:00 0 
7fa8356a9000-7fa8357a7000 rw-p 00000000 00:00 0                          [stack:6819]
7fa8357a7000-7fa8357aa000 ---p 00000000 00:00 0 
7fa8357aa000-7fa8358a8000 rw-p 00000000 00:00 0                          [stack:6815]
7fa8358a8000-7fa8358ab000 ---p 00000000 00:00 0 
7fa8358ab000-7fa8359a9000 rw-p 00000000 00:00 0                          [stack:6814]
7fa8359a9000-7fa8359aa000 ---p 00000000 00:00 0 
7fa8359aa000-7fa835aaa000 rw-p 00000000 00:00 0                          [stack:6800]
7fa835aaa000-7fa835aad000 ---p 00000000 00:00 0 
7fa835aad000-7fa835bab000 rw-p 00000000 00:00 0                          [stack:6799]
7fa835bab000-7fa835bae000 ---p 00000000 00:00 0 
7fa835bae000-7fa835cac000 rw-p 00000000 00:00 0                          [stack:6798]
7fa835cac000-7fa835caf000 ---p 00000000 00:00 0 
7fa835caf000-7fa835dad000 rw-p 00000000 00:00 0                          [stack:6797]
7fa835dad000-7fa835db0000 ---p 00000000 00:00 0 
7fa835db0000-7fa835eae000 rw-p 00000000 00:00 0                          [stack:6796]
7fa835eae000-7fa835eb1000 ---p 00000000 00:00 0 
7fa835eb1000-7fa835faf000 rw-p 00000000 00:00 0                          [stack:6795]
7fa835faf000-7fa83618f000 r--p 00000000 08:01 5516089                    /usr/lib/locale/locale-archive
7fa83618f000-7fa836192000 ---p 00000000 00:00 0 
7fa836192000-7fa836290000 rw-p 00000000 00:00 0                          [stack:6776]
7fa836290000-7fa836293000 ---p 00000000 00:00 0 
7fa836293000-7fa836391000 rw-p 00000000 00:00 0                          [stack:6772]
7fa836391000-7fa836392000 ---p 00000000 00:00 0 
7fa836392000-7fa839000000 rw-p 00000000 00:00 0                          [stack:6763]
7fa839000000-7fa839490000 rwxp 00000000 00:00 0 
7fa839490000-7fa848000000 ---p 00000000 00:00 0 
7fa848000000-7fa84816a000 rw-p 00000000 00:00 0 
7fa84816a000-7fa84c000000 ---p 00000000 00:00 0 
7fa84c002000-7fa84c00b000 r--s 0008a000 08:01 1705985                    /home/aoi/code/ITCS4180-MobileAppDev/Homework5/app/build/intermediates/exploded-aar/com.android.support/appcompat-v7/23.2.0/jars/classes.jar
7fa84c00b000-7fa84c45c000 rw-p 00000000 00:00 0 
7fa84c45c000-7fa84c629000 r--s 03be5000 08:01 132981                     /usr/lib/jvm/java-8-openjdk/jre/lib/rt.jar
7fa84c629000-7fa84ccdf000 rw-p 00000000 00:00 0 
7fa84ccdf000-7fa84ce9f000 ---p 00000000 00:00 0 
7fa84ce9f000-7fa84d09f000 rw-p 00000000 00:00 0 
7fa84d09f000-7fa84d0a0000 ---p 00000000 00:00 0 
7fa84d0a0000-7fa84d1a0000 rw-p 00000000 00:00 0                          [stack:6744]
7fa84d1a0000-7fa84d1a1000 ---p 00000000 00:00 0 
7fa84d1a1000-7fa84d2a1000 rw-p 00000000 00:00 0                          [stack:6743]
7fa84d2a1000-7fa84d2a2000 ---p 00000000 00:00 0 
7fa84d2a2000-7fa84d3a2000 rw-p 00000000 00:00 0                          [stack:6742]
7fa84d3a2000-7fa84d3a3000 ---p 00000000 00:00 0 
7fa84d3a3000-7fa84d4cd000 rw-p 00000000 00:00 0                          [stack:6738]
7fa84d4cd000-7fa84d5f9000 ---p 00000000 00:00 0 
7fa84d5f9000-7fa84d623000 rw-p 00000000 00:00 0 
7fa84d623000-7fa84d74e000 ---p 00000000 00:00 0 
7fa84d74e000-7fa84d773000 rw-p 00000000 00:00 0 
7fa84d773000-7fa84d7f9000 ---p 00000000 00:00 0 
7fa84d7f9000-7fa84d80d000 rw-p 00000000 00:00 0 
7fa84d80d000-7fa84dbba000 ---p 00000000 00:00 0 
7fa84dbba000-7fa84dbc2000 r-xp 00000000 08:01 133040                     /usr/lib/jvm/java-8-openjdk/jre/lib/amd64/libzip.so
7fa84dbc2000-7fa84ddc1000 ---p 00008000 08:01 133040                     /usr/lib/jvm/java-8-openjdk/jre/lib/amd64/libzip.so
7fa84ddc1000-7fa84ddc2000 rw-p 00007000 08:01 133040                     /usr/lib/jvm/java-8-openjdk/jre/lib/amd64/libzip.so
7fa84ddc2000-7fa84ddcd000 r-xp 00000000 08:01 5511317                    /usr/lib/libnss_files-2.23.so
7fa84ddcd000-7fa84dfcc000 ---p 0000b000 08:01 5511317                    /usr/lib/libnss_files-2.23.so
7fa84dfcc000-7fa84dfcd000 r--p 0000a000 08:01 5511317                    /usr/lib/libnss_files-2.23.so
7fa84dfcd000-7fa84dfce000 rw-p 0000b000 08:01 5511317                    /usr/lib/libnss_files-2.23.so
7fa84dfce000-7fa84dfd4000 rw-p 00000000 00:00 0 
7fa84dfd4000-7fa84e000000 r-xp 00000000 08:01 133039                     /usr/lib/jvm/java-8-openjdk/jre/lib/amd64/libjava.so
7fa84e000000-7fa84e200000 ---p 0002c000 08:01 133039                     /usr/lib/jvm/java-8-openjdk/jre/lib/amd64/libjava.so
7fa84e200000-7fa84e202000 rw-p 0002c000 08:01 133039                     /usr/lib/jvm/java-8-openjdk/jre/lib/amd64/libjava.so
7fa84e202000-7fa84e20f000 r-xp 00000000 08:01 133031                     /usr/lib/jvm/java-8-openjdk/jre/lib/amd64/libverify.so
7fa84e20f000-7fa84e40e000 ---p 0000d000 08:01 133031                     /usr/lib/jvm/java-8-openjdk/jre/lib/amd64/libverify.so
7fa84e40e000-7fa84e410000 rw-p 0000c000 08:01 133031                     /usr/lib/jvm/java-8-openjdk/jre/lib/amd64/libverify.so
7fa84e410000-7fa84e417000 r-xp 00000000 08:01 5511325                    /usr/lib/librt-2.23.so
7fa84e417000-7fa84e616000 ---p 00007000 08:01 5511325                    /usr/lib/librt-2.23.so
7fa84e616000-7fa84e617000 r--p 00006000 08:01 5511325                    /usr/lib/librt-2.23.so
7fa84e617000-7fa84e618000 rw-p 00007000 08:01 5511325                    /usr/lib/librt-2.23.so
7fa84e618000-7fa84e71b000 r-xp 00000000 08:01 5511322                    /usr/lib/libm-2.23.so
7fa84e71b000-7fa84e91b000 ---p 00103000 08:01 5511322                    /usr/lib/libm-2.23.so
7fa84e91b000-7fa84e91c000 r--p 00103000 08:01 5511322                    /usr/lib/libm-2.23.so
7fa84e91c000-7fa84e91d000 rw-p 00104000 08:01 5511322                    /usr/lib/libm-2.23.so
7fa84e91d000-7fa84f56f000 r-xp 00000000 08:01 133063                     /usr/lib/jvm/java-8-openjdk/jre/lib/amd64/server/libjvm.so
7fa84f56f000-7fa84f76f000 ---p 00c52000 08:01 133063                     /usr/lib/jvm/java-8-openjdk/jre/lib/amd64/server/libjvm.so
7fa84f76f000-7fa84f82b000 rw-p 00c52000 08:01 133063                     /usr/lib/jvm/java-8-openjdk/jre/lib/amd64/server/libjvm.so
7fa84f82b000-7fa84f859000 rw-p 00000000 00:00 0 
7fa84f859000-7fa84f9f1000 r-xp 00000000 08:01 5511268                    /usr/lib/libc-2.23.so
7fa84f9f1000-7fa84fbf0000 ---p 00198000 08:01 5511268                    /usr/lib/libc-2.23.so
7fa84fbf0000-7fa84fbf4000 r--p 00197000 08:01 5511268                    /usr/lib/libc-2.23.so
7fa84fbf4000-7fa84fbf6000 rw-p 0019b000 08:01 5511268                    /usr/lib/libc-2.23.so
7fa84fbf6000-7fa84fbfa000 rw-p 00000000 00:00 0 
7fa84fbfa000-7fa84fbfc000 r-xp 00000000 08:01 5511321                    /usr/lib/libdl-2.23.so
7fa84fbfc000-7fa84fdfc000 ---p 00002000 08:01 5511321                    /usr/lib/libdl-2.23.so
7fa84fdfc000-7fa84fdfd000 r--p 00002000 08:01 5511321                    /usr/lib/libdl-2.23.so
7fa84fdfd000-7fa84fdfe000 rw-p 00003000 08:01 5511321                    /usr/lib/libdl-2.23.so
7fa84fdfe000-7fa84fe0b000 r-xp 00000000 08:01 133060                     /usr/lib/jvm/java-8-openjdk/jre/lib/amd64/jli/libjli.so
7fa84fe0b000-7fa85000a000 ---p 0000d000 08:01 133060                     /usr/lib/jvm/java-8-openjdk/jre/lib/amd64/jli/libjli.so
7fa85000a000-7fa85000b000 rw-p 0000c000 08:01 133060                     /usr/lib/jvm/java-8-openjdk/jre/lib/amd64/jli/libjli.so
7fa85000b000-7fa850020000 r-xp 00000000 08:01 5513211                    /usr/lib/libz.so.1.2.8
7fa850020000-7fa85021f000 ---p 00015000 08:01 5513211                    /usr/lib/libz.so.1.2.8
7fa85021f000-7fa850220000 r--p 00014000 08:01 5513211                    /usr/lib/libz.so.1.2.8
7fa850220000-7fa850221000 rw-p 00015000 08:01 5513211                    /usr/lib/libz.so.1.2.8
7fa850221000-7fa850239000 r-xp 00000000 08:01 5511249                    /usr/lib/libpthread-2.23.so
7fa850239000-7fa850438000 ---p 00018000 08:01 5511249                    /usr/lib/libpthread-2.23.so
7fa850438000-7fa850439000 r--p 00017000 08:01 5511249                    /usr/lib/libpthread-2.23.so
7fa850439000-7fa85043a000 rw-p 00018000 08:01 5511249                    /usr/lib/libpthread-2.23.so
7fa85043a000-7fa85043e000 rw-p 00000000 00:00 0 
7fa85043e000-7fa850461000 r-xp 00000000 08:01 5511267                    /usr/lib/ld-2.23.so
7fa850465000-7fa85052a000 rw-p 00000000 00:00 0 
7fa85052a000-7fa85052d000 ---p 00000000 00:00 0 
7fa85052d000-7fa85062f000 rw-p 00000000 00:00 0                          [stack:6737]
7fa850633000-7fa850642000 r--s 000df000 08:01 796139                     /home/aoi/Android/Sdk/build-tools/23.0.2/lib/dx.jar
7fa850642000-7fa850656000 rw-p 00000000 00:00 0 
7fa850656000-7fa85065e000 rw-s 00000000 00:20 116                        /tmp/hsperfdata_aoi/6730
7fa85065e000-7fa85065f000 rw-p 00000000 00:00 0 
7fa85065f000-7fa850660000 ---p 00000000 00:00 0 
7fa850660000-7fa850661000 rw-p 00000000 00:00 0 
7fa850661000-7fa850662000 r--p 00023000 08:01 5511267                    /usr/lib/ld-2.23.so
7fa850662000-7fa850663000 rw-p 00024000 08:01 5511267                    /usr/lib/ld-2.23.so
7fa850663000-7fa850664000 rw-p 00000000 00:00 0 
7ffc812fd000-7ffc8131e000 rw-p 00000000 00:00 0                          [stack]
7ffc813ae000-7ffc813b0000 r--p 00000000 00:00 0                          [vvar]
7ffc813b0000-7ffc813b2000 r-xp 00000000 00:00 0                          [vdso]
ffffffffff600000-ffffffffff601000 r-xp 00000000 00:00 0                  [vsyscall]

VM Arguments:
jvm_args: -Djava.awt.headless=true -Xmx1024M -Dfile.encoding=UTF-8 -Duser.country=US -Duser.language=en -Duser.variant 
java_command: com.android.dx.command.Main --dex --num-threads=4 --output /home/aoi/code/ITCS4180-MobileAppDev/Homework5/app/build/intermediates/pre-dexed/debug/com.android.support-appcompat-v7-23.2.0_296df0ee50c5379d20643e56ffaad58c5a6aab2b.jar /home/aoi/code/ITCS4180-MobileAppDev/Homework5/app/build/intermediates/exploded-aar/com.android.support/appcompat-v7/23.2.0/jars/classes.jar
java_class_path (initial): /home/aoi/Android/Sdk/build-tools/23.0.2/lib/dx.jar
Launcher Type: SUN_STANDARD

Environment Variables:
PATH=/usr/lib/hardening-wrapper/bin:/usr/local/sbin:/usr/local/bin:/usr/bin:/usr/lib/jvm/default/bin:/usr/bin/site_perl:/usr/bin/vendor_perl:/usr/bin/core_perl
LD_LIBRARY_PATH=/opt/android-studio/bin:
SHELL=/bin/bash
DISPLAY=:0

Signal Handlers:
SIGSEGV: [libjvm.so+0xa57b90], sa_mask[0]=11111111011111111101111111111110, sa_flags=SA_RESTART|SA_SIGINFO
SIGBUS: [libjvm.so+0xa57b90], sa_mask[0]=11111111011111111101111111111110, sa_flags=SA_RESTART|SA_SIGINFO
SIGFPE: [libjvm.so+0x8a40d0], sa_mask[0]=11111111011111111101111111111110, sa_flags=SA_RESTART|SA_SIGINFO
SIGPIPE: [libjvm.so+0x8a40d0], sa_mask[0]=11111111011111111101111111111110, sa_flags=SA_RESTART|SA_SIGINFO
SIGXFSZ: [libjvm.so+0x8a40d0], sa_mask[0]=11111111011111111101111111111110, sa_flags=SA_RESTART|SA_SIGINFO
SIGILL: [libjvm.so+0x8a40d0], sa_mask[0]=11111111011111111101111111111110, sa_flags=SA_RESTART|SA_SIGINFO
SIGUSR1: SIG_DFL, sa_mask[0]=00000000000000000000000000000000, sa_flags=none
SIGUSR2: [libjvm.so+0x8a3f80], sa_mask[0]=00100000000000000000000000000000, sa_flags=SA_RESTART|SA_SIGINFO
SIGHUP: [libjvm.so+0x8a4450], sa_mask[0]=11111111011111111101111111111110, sa_flags=SA_RESTART|SA_SIGINFO
SIGINT: [libjvm.so+0x8a4450], sa_mask[0]=11111111011111111101111111111110, sa_flags=SA_RESTART|SA_SIGINFO
SIGTERM: [libjvm.so+0x8a4450], sa_mask[0]=11111111011111111101111111111110, sa_flags=SA_RESTART|SA_SIGINFO
SIGQUIT: [libjvm.so+0x8a4450], sa_mask[0]=11111111011111111101111111111110, sa_flags=SA_RESTART|SA_SIGINFO


---------------  S Y S T E M  ---------------

OS:DISTRIB_ID=ManjaroLinux
DISTRIB_RELEASE=15.12
DISTRIB_CODENAME=Capella
DISTRIB_DESCRIPTION="Manjaro Linux"

uname:Linux 4.1.18-2-MANJARO #1 SMP PREEMPT Sat Feb 27 23:18:59 UTC 2016 x86_64
libc:glibc 2.23 NPTL 2.23 
rlimit: STACK 8192k, CORE infinity, NPROC 31458, NOFILE 4096, AS infinity
load average:3.33 1.16 0.96

/proc/meminfo:
MemTotal:        8060316 kB
MemFree:           45596 kB
MemAvailable:      74216 kB
Buffers:             648 kB
Cached:          1138112 kB
SwapCached:            0 kB
Active:          6208816 kB
Inactive:         880204 kB
Active(anon):    6197812 kB
Inactive(anon):   872960 kB
Active(file):      11004 kB
Inactive(file):     7244 kB
Unevictable:         136 kB
Mlocked:             136 kB
SwapTotal:             0 kB
SwapFree:              0 kB
Dirty:                24 kB
Writeback:             0 kB
AnonPages:       5951664 kB
Mapped:          1270312 kB
Shmem:           1119436 kB
Slab:              97240 kB
SReclaimable:      47672 kB
SUnreclaim:        49568 kB
KernelStack:       15264 kB
PageTables:        87848 kB
NFS_Unstable:          0 kB
Bounce:                0 kB
WritebackTmp:          0 kB
CommitLimit:     4030156 kB
Committed_AS:   18004584 kB
VmallocTotal:   34359738367 kB
VmallocUsed:      381360 kB
VmallocChunk:   34358947836 kB
HardwareCorrupted:     0 kB
AnonHugePages:    890880 kB
HugePages_Total:       0
HugePages_Free:        0
HugePages_Rsvd:        0
HugePages_Surp:        0
Hugepagesize:       2048 kB
DirectMap4k:      261760 kB
DirectMap2M:     8007680 kB


CPU:total 4 (2 cores per cpu, 2 threads per core) family 6 model 42 stepping 7, cmov, cx8, fxsr, mmx, sse, sse2, sse3, ssse3, sse4.1, sse4.2, popcnt, avx, aes, clmul, ht, tsc, tscinvbit

/proc/cpuinfo:
processor	: 0
vendor_id	: GenuineIntel
cpu family	: 6
model		: 42
model name	: Intel(R) Core(TM) i5-2520M CPU @ 2.50GHz
stepping	: 7
microcode	: 0x29
cpu MHz		: 3000.000
cache size	: 3072 KB
physical id	: 0
siblings	: 4
core id		: 0
cpu cores	: 2
apicid		: 0
initial apicid	: 0
fpu		: yes
fpu_exception	: yes
cpuid level	: 13
wp		: yes
flags		: fpu vme de pse tsc msr pae mce cx8 apic sep mtrr pge mca cmov pat pse36 clflush dts acpi mmx fxsr sse sse2 ss ht tm pbe syscall nx rdtscp lm constant_tsc arch_perfmon pebs bts nopl xtopology nonstop_tsc aperfmperf eagerfpu pni pclmulqdq dtes64 monitor ds_cpl vmx smx est tm2 ssse3 cx16 xtpr pdcm pcid sse4_1 sse4_2 x2apic popcnt tsc_deadline_timer aes xsave avx lahf_lm ida arat epb pln pts dtherm tpr_shadow vnmi flexpriority ept vpid xsaveopt
bugs		:
bogomips	: 4986.82
clflush size	: 64
cache_alignment	: 64
address sizes	: 36 bits physical, 48 bits virtual
power management:

processor	: 1
vendor_id	: GenuineIntel
cpu family	: 6
model		: 42
model name	: Intel(R) Core(TM) i5-2520M CPU @ 2.50GHz
stepping	: 7
microcode	: 0x29
cpu MHz		: 2999.902
cache size	: 3072 KB
physical id	: 0
siblings	: 4
core id		: 0
cpu cores	: 2
apicid		: 1
initial apicid	: 1
fpu		: yes
fpu_exception	: yes
cpuid level	: 13
wp		: yes
flags		: fpu vme de pse tsc msr pae mce cx8 apic sep mtrr pge mca cmov pat pse36 clflush dts acpi mmx fxsr sse sse2 ss ht tm pbe syscall nx rdtscp lm constant_tsc arch_perfmon pebs bts nopl xtopology nonstop_tsc aperfmperf eagerfpu pni pclmulqdq dtes64 monitor ds_cpl vmx smx est tm2 ssse3 cx16 xtpr pdcm pcid sse4_1 sse4_2 x2apic popcnt tsc_deadline_timer aes xsave avx lahf_lm ida arat epb pln pts dtherm tpr_shadow vnmi flexpriority ept vpid xsaveopt
bugs		:
bogomips	: 4986.82
clflush size	: 64
cache_alignment	: 64
address sizes	: 36 bits physical, 48 bits virtual
power management:

processor	: 2
vendor_id	: GenuineIntel
cpu family	: 6
model		: 42
model name	: Intel(R) Core(TM) i5-2520M CPU @ 2.50GHz
stepping	: 7
microcode	: 0x29
cpu MHz		: 3000.000
cache size	: 3072 KB
physical id	: 0
siblings	: 4
core id		: 1
cpu cores	: 2
apicid		: 2
initial apicid	: 2
fpu		: yes
fpu_exception	: yes
cpuid level	: 13
wp		: yes
flags		: fpu vme de pse tsc msr pae mce cx8 apic sep mtrr pge mca cmov pat pse36 clflush dts acpi mmx fxsr sse sse2 ss ht tm pbe syscall nx rdtscp lm constant_tsc arch_perfmon pebs bts nopl xtopology nonstop_tsc aperfmperf eagerfpu pni pclmulqdq dtes64 monitor ds_cpl vmx smx est tm2 ssse3 cx16 xtpr pdcm pcid sse4_1 sse4_2 x2apic popcnt tsc_deadline_timer aes xsave avx lahf_lm ida arat epb pln pts dtherm tpr_shadow vnmi flexpriority ept vpid xsaveopt
bugs		:
bogomips	: 4986.82
clflush size	: 64
cache_alignment	: 64
address sizes	: 36 bits physical, 48 bits virtual
power management:

processor	: 3
vendor_id	: GenuineIntel
cpu family	: 6
model		: 42
model name	: Intel(R) Core(TM) i5-2520M CPU @ 2.50GHz
stepping	: 7
microcode	: 0x29
cpu MHz		: 3000.000
cache size	: 3072 KB
physical id	: 0
siblings	: 4
core id		: 1
cpu cores	: 2
apicid		: 3
initial apicid	: 3
fpu		: yes
fpu_exception	: yes
cpuid level	: 13
wp		: yes
flags		: fpu vme de pse tsc msr pae mce cx8 apic sep mtrr pge mca cmov pat pse36 clflush dts acpi mmx fxsr sse sse2 ss ht tm pbe syscall nx rdtscp lm constant_tsc arch_perfmon pebs bts nopl xtopology nonstop_tsc aperfmperf eagerfpu pni pclmulqdq dtes64 monitor ds_cpl vmx smx est tm2 ssse3 cx16 xtpr pdcm pcid sse4_1 sse4_2 x2apic popcnt tsc_deadline_timer aes xsave avx lahf_lm ida arat epb pln pts dtherm tpr_shadow vnmi flexpriority ept vpid xsaveopt
bugs		:
bogomips	: 4986.82
clflush size	: 64
cache_alignment	: 64
address sizes	: 36 bits physical, 48 bits virtual
power management:



Memory: 4k page, physical 8060316k(45248k free), swap 0k(0k free)

vm_info: OpenJDK 64-Bit Server VM (25.74-b02) for linux-amd64 JRE (1.8.0_74-b02), built on Feb  8 2016 12:22:08 by "builduser" with gcc 5.3.0

time: Sun Mar  6 19:09:50 2016
elapsed time: 5 seconds (0d 0h 0m 5s)

